<?xml version="1.0" encoding="utf-8"?>
<coverage line-rate="1" branch-rate="1" version="1.9" timestamp="1773545690" lines-covered="23" lines-valid="23" branches-covered="0" branches-valid="0">
  <sources>
    <source>E:\Sources\datntdev.boilerplate-microservice\</source>
  </sources>
  <packages>
    <package name="datntdev.Microservice.Infra.Aspire" line-rate="1" branch-rate="1" complexity="1">
      <classes>
        <class name="Program" filename="srcs\infra\Aspire\AppHost.cs" line-rate="1" branch-rate="1" complexity="1">
          <methods>
            <method name="&lt;Main&gt;$" signature="(System.String[])" line-rate="1" branch-rate="1" complexity="1">
              <lines>
                <line number="1" hits="1" branch="False" />
                <line number="3" hits="1" branch="False" />
                <line number="4" hits="1" branch="False" />
                <line number="6" hits="1" branch="False" />
                <line number="7" hits="1" branch="False" />
                <line number="8" hits="1" branch="False" />
                <line number="9" hits="1" branch="False" />
                <line number="11" hits="1" branch="False" />
                <line number="12" hits="1" branch="False" />
                <line number="13" hits="1" branch="False" />
                <line number="14" hits="1" branch="False" />
                <line number="15" hits="1" branch="False" />
                <line number="16" hits="1" branch="False" />
                <line number="18" hits="1" branch="False" />
              </lines>
            </method>
          </methods>
          <lines>
            <line number="1" hits="1" branch="False" />
            <line number="3" hits="1" branch="False" />
            <line number="4" hits="1" branch="False" />
            <line number="6" hits="1" branch="False" />
            <line number="7" hits="1" branch="False" />
            <line number="8" hits="1" branch="False" />
            <line number="9" hits="1" branch="False" />
            <line number="11" hits="1" branch="False" />
            <line number="12" hits="1" branch="False" />
            <line number="13" hits="1" branch="False" />
            <line number="14" hits="1" branch="False" />
            <line number="15" hits="1" branch="False" />
            <line number="16" hits="1" branch="False" />
            <line number="18" hits="1" branch="False" />
          </lines>
        </class>
      </classes>
    </package>
    <package name="datntdev.Microservice.Tests.Common" line-rate="1" branch-rate="1" complexity="5">
      <classes>
        <class name="datntdev.Microservice.Tests.Common.MicroserviceBaseTest`1" filename="tests\Common\MicroserviceBaseTest.cs" line-rate="1" branch-rate="1" complexity="4">
          <methods>
            <method name="get_AppHost" signature="()" line-rate="1" branch-rate="1" complexity="1">
              <lines>
                <line number="7" hits="5" branch="False" />
              </lines>
            </method>
            <method name="get_TestContext" signature="()" line-rate="1" branch-rate="1" complexity="1">
              <lines>
                <line number="9" hits="9" branch="False" />
              </lines>
            </method>
            <method name="get_CancellationToken" signature="()" line-rate="1" branch-rate="1" complexity="1">
              <lines>
                <line number="11" hits="3" branch="False" />
              </lines>
            </method>
            <method name="StaticAssemblyInitialize" signature="(Microsoft.VisualStudio.TestTools.UnitTesting.TestContext)" line-rate="1" branch-rate="1" complexity="1">
              <lines>
                <line number="16" hits="1" branch="False" />
                <line number="17" hits="1" branch="False" />
                <line number="18" hits="1" branch="False" />
                <line number="19" hits="1" branch="False" />
                <line number="20" hits="1" branch="False" />
              </lines>
            </method>
          </methods>
          <lines>
            <line number="7" hits="5" branch="False" />
            <line number="9" hits="9" branch="False" />
            <line number="11" hits="3" branch="False" />
            <line number="16" hits="1" branch="False" />
            <line number="17" hits="1" branch="False" />
            <line number="18" hits="1" branch="False" />
            <line number="19" hits="1" branch="False" />
            <line number="20" hits="1" branch="False" />
          </lines>
        </class>
        <class name="datntdev.Microservice.Tests.Common.AspireTestingAppHost`1" filename="tests\Common\MicroserviceBaseTest.cs" line-rate="1" branch-rate="1" complexity="1">
          <methods>
            <method name=".ctor" signature="()" line-rate="1" branch-rate="1" complexity="1">
              <lines>
                <line number="23" hits="1" branch="False" />
              </lines>
            </method>
          </methods>
          <lines>
            <line number="23" hits="1" branch="False" />
          </lines>
        </class>
      </classes>
    </package>
  </packages>
</coverage>